<?xml version="1.0" encoding="UTF-8"?>
<!-- Generated by org.testng.reporters.JUnitReportReporter -->
<testsuite hostname="DESKTOP-1R01KR8" failures="0" tests="1" name="tests.ProductPriceTest" time="30.808" errors="0" timestamp="2025-10-30T00:26:12 IST" skipped="0">
  <testcase classname="tests.ProductPriceTest" name="extractProductPrices" time="30.808"/>
</testsuite> <!-- tests.ProductPriceTest -->
