<?xml version="1.0" encoding="UTF-8"?>
<!-- Generated by org.testng.reporters.JUnitReportReporter -->
<testsuite hostname="DESKTOP-1R01KR8" failures="0" tests="1" name="tests.ProductPriceTest" time="47.534" errors="0" timestamp="2025-10-29T03:08:35 IST" skipped="0">
  <testcase classname="tests.ProductPriceTest" name="extractProductPrices" time="47.534"/>
</testsuite> <!-- tests.ProductPriceTest -->
