<?xml version="1.0" encoding="UTF-8"?>
<!-- Generated by org.testng.reporters.JUnitReportReporter -->
<testsuite hostname="DESKTOP-1R01KR8" failures="0" tests="3" name="tests.BannerBuzzPriceTest" time="16.408" errors="0" timestamp="2025-10-30T00:26:12 IST" skipped="0">
  <testcase classname="tests.BannerBuzzPriceTest" name="fetchProductPrice" time="3.489"/>
  <testcase classname="tests.BannerBuzzPriceTest" name="fetchProductPrice" time="8.654"/>
  <testcase classname="tests.BannerBuzzPriceTest" name="fetchProductPrice" time="4.265"/>
</testsuite> <!-- tests.BannerBuzzPriceTest -->
